<?xml version="1.0" encoding="utf-8" ?>
<!DOCTYPE html PUBLIC "-//W3C//DTD XHTML 1.0 Strict//EN"
        "http://www.w3.org/TR/xhtml1/DTD/xhtml1-strict.dtd">
<html xmlns="http://www.w3.org/1999/xhtml" xml:lang="" lang="">
<head>
  <title>Test Results Report - Test</title>
  <meta http-equiv="Content-Type" content="text/html;charset=utf-8" />
  <meta name="description" content="TestNG unit test results." />
  <link href="reportng.css" rel="stylesheet" type="text/css" />
    <script type="text/javascript" src="reportng.js"></script>
</head>
<body>
<h1>Test</h1>
<p>
  Test duration: 22.855s
</p>



  <table class="resultsTable">
    <tr><th colspan="3" class="header failed">Failed Tests</th></tr>
          <tr>
        <td colspan="3" class="group">com.ui.automation.tests.BookFlight</td>
      </tr>
            
<tr>
  <td class="method">
                  Test_SearchAndBookFlight
      </td>
  <td class="duration">
    3.916s
  </td>
  <td class="result">
        
          <i>Method arguments: </i><span class="arguments">"TC_001", "Search and book flights for the given cities using the airline", "4.0", "Mexico City", "Dublin", "Airline", "United Airlines", "TEST ONE", "TEST ADDRESS", "BANGALORE", "KARNATAKA", "560076", "American Express", "2312321432143210", "12", "2025", "TEST ONE"</span><br />
    
            <div class="testOutput">
                        Departure city dropdown is visible<br />
                                Destination city dropdown is visible<br />
                                Selected the city Mexico City from the departure dropdown<br />
                                Selected the city Dublin from the destination dropdown<br />
                                Clicked on the search flights button<br />
                                Search header is Flights from Mexico City to Dublin:<br />
                                Clicked on the flight United Airlines<br />
                                Entered the name of the passenger : TEST ONE<br />
                                Entered the address : TEST ADDRESS<br />
                                Entered the city : BANGALORE<br />
                                Entered the state : KARNATAKA<br />
                                Entered the zipcode : 560076<br />
                                Selected the card type : American Express<br />
                                Entered the credit card number : 2312321432143210<br />
                                Entered the month : 12<br />
                                Entered the year : 2025<br />
                                Entered the name on card : TEST ONE<br />
                                <br />
                  </div>
    

        <a href="javascript:toggleElement('exception-0', 'block')" title="Click to expand/collapse"><b>java.lang.AssertionError: expected [3210] but found [1111]</b></a><br />
    <div class="stackTrace" id="exception-0">
              org.testng.Assert.fail(Assert.java:99)<br />
              org.testng.Assert.failNotEquals(Assert.java:1037)<br />
              org.testng.Assert.assertEqualsImpl(Assert.java:140)<br />
              org.testng.Assert.assertEquals(Assert.java:122)<br />
              org.testng.Assert.assertEquals(Assert.java:629)<br />
              org.testng.Assert.assertEquals(Assert.java:639)<br />
              com.ui.automation.tests.BookFlight.Test_SearchAndBookFlight(BookFlight.java:69)<br />
              sun.reflect.NativeMethodAccessorImpl.invoke0(Native Method)<br />
              sun.reflect.NativeMethodAccessorImpl.invoke(Unknown Source)<br />
              sun.reflect.DelegatingMethodAccessorImpl.invoke(Unknown Source)<br />
              java.lang.reflect.Method.invoke(Unknown Source)<br />
              org.testng.internal.MethodInvocationHelper.invokeMethod(MethodInvocationHelper.java:133)<br />
              org.testng.internal.TestInvoker.invokeMethod(TestInvoker.java:598)<br />
              org.testng.internal.TestInvoker.invokeTestMethod(TestInvoker.java:173)<br />
              org.testng.internal.MethodRunner.runInSequence(MethodRunner.java:46)<br />
              org.testng.internal.TestInvoker$MethodInvocationAgent.invoke(TestInvoker.java:824)<br />
              org.testng.internal.TestInvoker.invokeTestMethods(TestInvoker.java:146)<br />
              org.testng.internal.TestMethodWorker.invokeTestMethods(TestMethodWorker.java:146)<br />
              org.testng.internal.TestMethodWorker.run(TestMethodWorker.java:128)<br />
              java.util.ArrayList.forEach(Unknown Source)<br />
              org.testng.TestRunner.privateRun(TestRunner.java:794)<br />
              org.testng.TestRunner.run(TestRunner.java:596)<br />
              org.testng.SuiteRunner.runTest(SuiteRunner.java:377)<br />
              org.testng.SuiteRunner.runSequentially(SuiteRunner.java:371)<br />
              org.testng.SuiteRunner.privateRun(SuiteRunner.java:332)<br />
              org.testng.SuiteRunner.run(SuiteRunner.java:276)<br />
              org.testng.SuiteRunnerWorker.runSuite(SuiteRunnerWorker.java:53)<br />
              org.testng.SuiteRunnerWorker.run(SuiteRunnerWorker.java:96)<br />
              org.testng.TestNG.runSuitesSequentially(TestNG.java:1212)<br />
              org.testng.TestNG.runSuitesLocally(TestNG.java:1134)<br />
              org.testng.TestNG.runSuites(TestNG.java:1063)<br />
              org.testng.TestNG.run(TestNG.java:1031)<br />
              org.testng.remote.AbstractRemoteTestNG.run(AbstractRemoteTestNG.java:115)<br />
              org.testng.remote.RemoteTestNG.initAndRun(RemoteTestNG.java:251)<br />
              org.testng.remote.RemoteTestNG.main(RemoteTestNG.java:77)<br />
                </div>
      </td>
</tr>
<tr>
  <td class="method">
                  Test_SearchAndBookFlight
      </td>
  <td class="duration">
    3.854s
  </td>
  <td class="result">
        
          <i>Method arguments: </i><span class="arguments">"TC_001", "Search and book flights for the given cities using the airline", "3.0", "Mexico City", "Dublin", "Airline", "United Airlines", "TEST ONE", "TEST ADDRESS", "BANGALORE", "KARNATAKA", "560076", "Visa", "2312321432143210", "12", "2025", "TEST ONE"</span><br />
    
            <div class="testOutput">
                        Departure city dropdown is visible<br />
                                Destination city dropdown is visible<br />
                                Selected the city Mexico City from the departure dropdown<br />
                                Selected the city Dublin from the destination dropdown<br />
                                Clicked on the search flights button<br />
                                Search header is Flights from Mexico City to Dublin:<br />
                                Clicked on the flight United Airlines<br />
                                Entered the name of the passenger : TEST ONE<br />
                                Entered the address : TEST ADDRESS<br />
                                Entered the city : BANGALORE<br />
                                Entered the state : KARNATAKA<br />
                                Entered the zipcode : 560076<br />
                                Selected the card type : Visa<br />
                                Entered the credit card number : 2312321432143210<br />
                                Entered the month : 12<br />
                                Entered the year : 2025<br />
                                Entered the name on card : TEST ONE<br />
                                <br />
                  </div>
    

        <a href="javascript:toggleElement('exception-1', 'block')" title="Click to expand/collapse"><b>java.lang.AssertionError: expected [3210] but found [1111]</b></a><br />
    <div class="stackTrace" id="exception-1">
              org.testng.Assert.fail(Assert.java:99)<br />
              org.testng.Assert.failNotEquals(Assert.java:1037)<br />
              org.testng.Assert.assertEqualsImpl(Assert.java:140)<br />
              org.testng.Assert.assertEquals(Assert.java:122)<br />
              org.testng.Assert.assertEquals(Assert.java:629)<br />
              org.testng.Assert.assertEquals(Assert.java:639)<br />
              com.ui.automation.tests.BookFlight.Test_SearchAndBookFlight(BookFlight.java:69)<br />
              sun.reflect.NativeMethodAccessorImpl.invoke0(Native Method)<br />
              sun.reflect.NativeMethodAccessorImpl.invoke(Unknown Source)<br />
              sun.reflect.DelegatingMethodAccessorImpl.invoke(Unknown Source)<br />
              java.lang.reflect.Method.invoke(Unknown Source)<br />
              org.testng.internal.MethodInvocationHelper.invokeMethod(MethodInvocationHelper.java:133)<br />
              org.testng.internal.TestInvoker.invokeMethod(TestInvoker.java:598)<br />
              org.testng.internal.TestInvoker.invokeTestMethod(TestInvoker.java:173)<br />
              org.testng.internal.MethodRunner.runInSequence(MethodRunner.java:46)<br />
              org.testng.internal.TestInvoker$MethodInvocationAgent.invoke(TestInvoker.java:824)<br />
              org.testng.internal.TestInvoker.invokeTestMethods(TestInvoker.java:146)<br />
              org.testng.internal.TestMethodWorker.invokeTestMethods(TestMethodWorker.java:146)<br />
              org.testng.internal.TestMethodWorker.run(TestMethodWorker.java:128)<br />
              java.util.ArrayList.forEach(Unknown Source)<br />
              org.testng.TestRunner.privateRun(TestRunner.java:794)<br />
              org.testng.TestRunner.run(TestRunner.java:596)<br />
              org.testng.SuiteRunner.runTest(SuiteRunner.java:377)<br />
              org.testng.SuiteRunner.runSequentially(SuiteRunner.java:371)<br />
              org.testng.SuiteRunner.privateRun(SuiteRunner.java:332)<br />
              org.testng.SuiteRunner.run(SuiteRunner.java:276)<br />
              org.testng.SuiteRunnerWorker.runSuite(SuiteRunnerWorker.java:53)<br />
              org.testng.SuiteRunnerWorker.run(SuiteRunnerWorker.java:96)<br />
              org.testng.TestNG.runSuitesSequentially(TestNG.java:1212)<br />
              org.testng.TestNG.runSuitesLocally(TestNG.java:1134)<br />
              org.testng.TestNG.runSuites(TestNG.java:1063)<br />
              org.testng.TestNG.run(TestNG.java:1031)<br />
              org.testng.remote.AbstractRemoteTestNG.run(AbstractRemoteTestNG.java:115)<br />
              org.testng.remote.RemoteTestNG.initAndRun(RemoteTestNG.java:251)<br />
              org.testng.remote.RemoteTestNG.main(RemoteTestNG.java:77)<br />
                </div>
      </td>
</tr>
<tr>
  <td class="method">
                  Test_SearchAndBookFlight
      </td>
  <td class="duration">
    4.035s
  </td>
  <td class="result">
        
          <i>Method arguments: </i><span class="arguments">"TC_001", "Search and book flights for the given cities", "1.0", "Paris", "Rome", "Flight Number", "234", "TEST ONE", "TEST ADDRESS", "BANGALORE", "KARNATAKA", "560076", "Visa", "2312321432143210", "12", "2025", "TEST ONE"</span><br />
    
            <div class="testOutput">
                        Departure city dropdown is visible<br />
                                Destination city dropdown is visible<br />
                                Selected the city Paris from the departure dropdown<br />
                                Selected the city Rome from the destination dropdown<br />
                                Clicked on the search flights button<br />
                                Search header is Flights from Paris to Rome:<br />
                                Clicked on the flight 234<br />
                                Entered the name of the passenger : TEST ONE<br />
                                Entered the address : TEST ADDRESS<br />
                                Entered the city : BANGALORE<br />
                                Entered the state : KARNATAKA<br />
                                Entered the zipcode : 560076<br />
                                Selected the card type : Visa<br />
                                Entered the credit card number : 2312321432143210<br />
                                Entered the month : 12<br />
                                Entered the year : 2025<br />
                                Entered the name on card : TEST ONE<br />
                                <br />
                  </div>
    

        <a href="javascript:toggleElement('exception-2', 'block')" title="Click to expand/collapse"><b>java.lang.AssertionError: expected [3210] but found [1111]</b></a><br />
    <div class="stackTrace" id="exception-2">
              org.testng.Assert.fail(Assert.java:99)<br />
              org.testng.Assert.failNotEquals(Assert.java:1037)<br />
              org.testng.Assert.assertEqualsImpl(Assert.java:140)<br />
              org.testng.Assert.assertEquals(Assert.java:122)<br />
              org.testng.Assert.assertEquals(Assert.java:629)<br />
              org.testng.Assert.assertEquals(Assert.java:639)<br />
              com.ui.automation.tests.BookFlight.Test_SearchAndBookFlight(BookFlight.java:69)<br />
              sun.reflect.NativeMethodAccessorImpl.invoke0(Native Method)<br />
              sun.reflect.NativeMethodAccessorImpl.invoke(Unknown Source)<br />
              sun.reflect.DelegatingMethodAccessorImpl.invoke(Unknown Source)<br />
              java.lang.reflect.Method.invoke(Unknown Source)<br />
              org.testng.internal.MethodInvocationHelper.invokeMethod(MethodInvocationHelper.java:133)<br />
              org.testng.internal.TestInvoker.invokeMethod(TestInvoker.java:598)<br />
              org.testng.internal.TestInvoker.invokeTestMethod(TestInvoker.java:173)<br />
              org.testng.internal.MethodRunner.runInSequence(MethodRunner.java:46)<br />
              org.testng.internal.TestInvoker$MethodInvocationAgent.invoke(TestInvoker.java:824)<br />
              org.testng.internal.TestInvoker.invokeTestMethods(TestInvoker.java:146)<br />
              org.testng.internal.TestMethodWorker.invokeTestMethods(TestMethodWorker.java:146)<br />
              org.testng.internal.TestMethodWorker.run(TestMethodWorker.java:128)<br />
              java.util.ArrayList.forEach(Unknown Source)<br />
              org.testng.TestRunner.privateRun(TestRunner.java:794)<br />
              org.testng.TestRunner.run(TestRunner.java:596)<br />
              org.testng.SuiteRunner.runTest(SuiteRunner.java:377)<br />
              org.testng.SuiteRunner.runSequentially(SuiteRunner.java:371)<br />
              org.testng.SuiteRunner.privateRun(SuiteRunner.java:332)<br />
              org.testng.SuiteRunner.run(SuiteRunner.java:276)<br />
              org.testng.SuiteRunnerWorker.runSuite(SuiteRunnerWorker.java:53)<br />
              org.testng.SuiteRunnerWorker.run(SuiteRunnerWorker.java:96)<br />
              org.testng.TestNG.runSuitesSequentially(TestNG.java:1212)<br />
              org.testng.TestNG.runSuitesLocally(TestNG.java:1134)<br />
              org.testng.TestNG.runSuites(TestNG.java:1063)<br />
              org.testng.TestNG.run(TestNG.java:1031)<br />
              org.testng.remote.AbstractRemoteTestNG.run(AbstractRemoteTestNG.java:115)<br />
              org.testng.remote.RemoteTestNG.initAndRun(RemoteTestNG.java:251)<br />
              org.testng.remote.RemoteTestNG.main(RemoteTestNG.java:77)<br />
                </div>
      </td>
</tr>
<tr>
  <td class="method">
                  Test_SearchAndBookFlight
      </td>
  <td class="duration">
    4.047s
  </td>
  <td class="result">
        
          <i>Method arguments: </i><span class="arguments">"TC_001", "Search and book flights for the given cities", "2.0", "Mexico City", "Dublin", "Flight Number", "234", "TEST ONE", "TEST ADDRESS", "BANGALORE", "KARNATAKA", "560076", "Visa", "2312321432143210", "12", "2025", "TEST ONE"</span><br />
    
            <div class="testOutput">
                        Departure city dropdown is visible<br />
                                Destination city dropdown is visible<br />
                                Selected the city Mexico City from the departure dropdown<br />
                                Selected the city Dublin from the destination dropdown<br />
                                Clicked on the search flights button<br />
                                Search header is Flights from Mexico City to Dublin:<br />
                                Clicked on the flight 234<br />
                                Entered the name of the passenger : TEST ONE<br />
                                Entered the address : TEST ADDRESS<br />
                                Entered the city : BANGALORE<br />
                                Entered the state : KARNATAKA<br />
                                Entered the zipcode : 560076<br />
                                Selected the card type : Visa<br />
                                Entered the credit card number : 2312321432143210<br />
                                Entered the month : 12<br />
                                Entered the year : 2025<br />
                                Entered the name on card : TEST ONE<br />
                                <br />
                  </div>
    

        <a href="javascript:toggleElement('exception-3', 'block')" title="Click to expand/collapse"><b>java.lang.AssertionError: expected [3210] but found [1111]</b></a><br />
    <div class="stackTrace" id="exception-3">
              org.testng.Assert.fail(Assert.java:99)<br />
              org.testng.Assert.failNotEquals(Assert.java:1037)<br />
              org.testng.Assert.assertEqualsImpl(Assert.java:140)<br />
              org.testng.Assert.assertEquals(Assert.java:122)<br />
              org.testng.Assert.assertEquals(Assert.java:629)<br />
              org.testng.Assert.assertEquals(Assert.java:639)<br />
              com.ui.automation.tests.BookFlight.Test_SearchAndBookFlight(BookFlight.java:69)<br />
              sun.reflect.NativeMethodAccessorImpl.invoke0(Native Method)<br />
              sun.reflect.NativeMethodAccessorImpl.invoke(Unknown Source)<br />
              sun.reflect.DelegatingMethodAccessorImpl.invoke(Unknown Source)<br />
              java.lang.reflect.Method.invoke(Unknown Source)<br />
              org.testng.internal.MethodInvocationHelper.invokeMethod(MethodInvocationHelper.java:133)<br />
              org.testng.internal.TestInvoker.invokeMethod(TestInvoker.java:598)<br />
              org.testng.internal.TestInvoker.invokeTestMethod(TestInvoker.java:173)<br />
              org.testng.internal.MethodRunner.runInSequence(MethodRunner.java:46)<br />
              org.testng.internal.TestInvoker$MethodInvocationAgent.invoke(TestInvoker.java:824)<br />
              org.testng.internal.TestInvoker.invokeTestMethods(TestInvoker.java:146)<br />
              org.testng.internal.TestMethodWorker.invokeTestMethods(TestMethodWorker.java:146)<br />
              org.testng.internal.TestMethodWorker.run(TestMethodWorker.java:128)<br />
              java.util.ArrayList.forEach(Unknown Source)<br />
              org.testng.TestRunner.privateRun(TestRunner.java:794)<br />
              org.testng.TestRunner.run(TestRunner.java:596)<br />
              org.testng.SuiteRunner.runTest(SuiteRunner.java:377)<br />
              org.testng.SuiteRunner.runSequentially(SuiteRunner.java:371)<br />
              org.testng.SuiteRunner.privateRun(SuiteRunner.java:332)<br />
              org.testng.SuiteRunner.run(SuiteRunner.java:276)<br />
              org.testng.SuiteRunnerWorker.runSuite(SuiteRunnerWorker.java:53)<br />
              org.testng.SuiteRunnerWorker.run(SuiteRunnerWorker.java:96)<br />
              org.testng.TestNG.runSuitesSequentially(TestNG.java:1212)<br />
              org.testng.TestNG.runSuitesLocally(TestNG.java:1134)<br />
              org.testng.TestNG.runSuites(TestNG.java:1063)<br />
              org.testng.TestNG.run(TestNG.java:1031)<br />
              org.testng.remote.AbstractRemoteTestNG.run(AbstractRemoteTestNG.java:115)<br />
              org.testng.remote.RemoteTestNG.initAndRun(RemoteTestNG.java:251)<br />
              org.testng.remote.RemoteTestNG.main(RemoteTestNG.java:77)<br />
                </div>
      </td>
</tr>
      </table>


  
</body>
</html>
